0 info it worked if it ends with ok
1 verbose cli [ 'C:\\Program Files (x86)\\nodejs\\node.exe',
1 verbose cli   'C:\\Program Files (x86)\\nodejs\\node_modules\\npm\\bin\\npm-cli.js',
1 verbose cli   'start' ]
2 info using npm@3.10.9
3 info using node@v6.9.2
4 verbose run-script [ 'prestart', 'start', 'poststart' ]
5 info lifecycle dungeons_and_mogettes@0.0.0~prestart: dungeons_and_mogettes@0.0.0
6 silly lifecycle dungeons_and_mogettes@0.0.0~prestart: no script for prestart, continuing
7 info lifecycle dungeons_and_mogettes@0.0.0~start: dungeons_and_mogettes@0.0.0
8 verbose lifecycle dungeons_and_mogettes@0.0.0~start: unsafe-perm in lifecycle true
9 verbose lifecycle dungeons_and_mogettes@0.0.0~start: PATH: C:\Program Files (x86)\nodejs\node_modules\npm\bin\node-gyp-bin;D:\Alucara\Documents\GitHub\dungeons_and_mogettes\node_modules\.bin;C:\Program Files (x86)\NVIDIA Corporation\PhysX\Common;C:\WINDOWS\system32;C:\WINDOWS;C:\WINDOWS\System32\Wbem;C:\WINDOWS\System32\WindowsPowerShell\v1.0\;C:\Program Files (x86)\ATI Technologies\ATI.ACE\Core-Static;C:\Program Files (x86)\AMD\ATI.ACE\Core-Static;C:\WINDOWS\system32\config\systemprofile\.dnx\bin;C:\Program Files\Microsoft DNX\Dnvm\;C:\Program Files\Microsoft SQL Server\120\Tools\Binn\;C:\Program Files (x86)\Windows Kits\10\Windows Performance Toolkit\;C:\Program Files (x86)\Microsoft Emulator Manager\1.0\;C:\Program Files (x86)\GtkSharp\2.12\bin;C:\Program Files (x86)\Skype\Phone\;C:\Program Files (x86)\nodejs\;C:\Users\Alucara\AppData\Local\Programs\Python\Python35-32\Scripts\;C:\Users\Alucara\AppData\Local\Programs\Python\Python35-32\;C:\Users\Alucara\.dnx\runtimes\dnx-clr-win-x86.1.0.0-rc1-update2\bin;C:\Users\Alucara\.dnx\bin;C:\Users\Alucara\AppData\Local\Microsoft\WindowsApps;C:\Users\Alucara\AppData\Roaming\npm
10 verbose lifecycle dungeons_and_mogettes@0.0.0~start: CWD: D:\Alucara\Documents\GitHub\dungeons_and_mogettes
11 silly lifecycle dungeons_and_mogettes@0.0.0~start: Args: [ '/d /s /c', 'node ./bin/www' ]
12 silly lifecycle dungeons_and_mogettes@0.0.0~start: Returned: code: 1  signal: null
13 info lifecycle dungeons_and_mogettes@0.0.0~start: Failed to exec start script
14 verbose stack Error: dungeons_and_mogettes@0.0.0 start: `node ./bin/www`
14 verbose stack Exit status 1
14 verbose stack     at EventEmitter.<anonymous> (C:\Program Files (x86)\nodejs\node_modules\npm\lib\utils\lifecycle.js:255:16)
14 verbose stack     at emitTwo (events.js:106:13)
14 verbose stack     at EventEmitter.emit (events.js:191:7)
14 verbose stack     at ChildProcess.<anonymous> (C:\Program Files (x86)\nodejs\node_modules\npm\lib\utils\spawn.js:40:14)
14 verbose stack     at emitTwo (events.js:106:13)
14 verbose stack     at ChildProcess.emit (events.js:191:7)
14 verbose stack     at maybeClose (internal/child_process.js:877:16)
14 verbose stack     at Process.ChildProcess._handle.onexit (internal/child_process.js:226:5)
15 verbose pkgid dungeons_and_mogettes@0.0.0
16 verbose cwd D:\Alucara\Documents\GitHub\dungeons_and_mogettes
17 error Windows_NT 10.0.14393
18 error argv "C:\\Program Files (x86)\\nodejs\\node.exe" "C:\\Program Files (x86)\\nodejs\\node_modules\\npm\\bin\\npm-cli.js" "start"
19 error node v6.9.2
20 error npm  v3.10.9
21 error code ELIFECYCLE
22 error dungeons_and_mogettes@0.0.0 start: `node ./bin/www`
22 error Exit status 1
23 error Failed at the dungeons_and_mogettes@0.0.0 start script 'node ./bin/www'.
23 error Make sure you have the latest version of node.js and npm installed.
23 error If you do, this is most likely a problem with the dungeons_and_mogettes package,
23 error not with npm itself.
23 error Tell the author that this fails on your system:
23 error     node ./bin/www
23 error You can get information on how to open an issue for this project with:
23 error     npm bugs dungeons_and_mogettes
23 error Or if that isn't available, you can get their info via:
23 error     npm owner ls dungeons_and_mogettes
23 error There is likely additional logging output above.
24 verbose exit [ 1, true ]
